<?xml version="1.0" encoding="UTF-8"?>
<!-- Generated by org.testng.reporters.JUnitXMLReporter -->
<testsuite ignored="0" hostname="theVikas" failures="0" tests="18" name="Test" time="42.569" errors="0" timestamp="2025-10-08T20:13:06 GMT-04:00">
  <testcase classname="testCases.TC_L1" name="login" time="0.401"/>
  <testcase classname="testCases.TC_L2" name="loginWithInvalidPassword" time="0.343"/>
  <testcase classname="testCases.TC_L3" name="loginWithLockedUser" time="0.374"/>
  <testcase classname="testCases.TC_L4" name="emptyField" time="0.116"/>
  <testcase classname="testCases.TC_P1" name="prodctListVerification" time="0.738"/>
  <testcase classname="testCases.TC_P2" name="aToZsorting" time="0.665"/>
  <testcase classname="testCases.TC_P3" name="lowToHighPriceSorting" time="0.679"/>
  <testcase classname="testCases.TC_P4" name="verifyProduct" time="0.627"/>
  <testcase classname="testCases.TC_C1" name="verifyCartCount" time="0.501"/>
  <testcase classname="testCases.TC_C2" name="verifyRemovingProduct" time="0.818"/>
  <testcase classname="testCases.TC_C3" name="verifyAddingMultipleProduct" time="0.715"/>
  <testcase classname="testCases.TC_C4" name="verifyCartDetails" time="0.827"/>
  <testcase classname="testCases.TC_CH1" name="verifyCheckOut" time="1.108"/>
  <testcase classname="testCases.TC_CH2" name="verifyMandatoryField" time="1.078"/>
  <testcase classname="testCases.TC_CH3" name="verifyOrderSummary" time="1.168"/>
  <testcase classname="testCases.TC_CH4" name="verifySuccessfulOrderCompletion" time="1.232"/>
  <testcase classname="testCases.TC_O1" name="veifyUserLogout" time="0.628"/>
  <testcase classname="testCases.TC_O2" name="verifySessionAfterLogout" time="0.633"/>
</testsuite> <!-- Test -->
