<?xml version="1.0" encoding="UTF-8"?>
<!-- Generated by org.testng.reporters.JUnitXMLReporter -->
<testsuite ignored="0" hostname="theVikas" failures="0" tests="16" name="Test" time="34.353" errors="0" timestamp="2025-10-06T19:35:14 GMT-04:00">
  <testcase classname="testCases.TC_L1" name="login" time="0.416"/>
  <testcase classname="testCases.TC_L2" name="loginWithInvalidPassword" time="0.346"/>
  <testcase classname="testCases.TC_L3" name="loginWithLockedUser" time="0.339"/>
  <testcase classname="testCases.TC_L4" name="emptyField" time="0.16"/>
  <testcase classname="testCases.TC_P1" name="prodctListVerification" time="0.719"/>
  <testcase classname="testCases.TC_P2" name="aToZsorting" time="0.686"/>
  <testcase classname="testCases.TC_P3" name="lowToHighPriceSorting" time="0.709"/>
  <testcase classname="testCases.TC_P4" name="verifyProduct" time="0.539"/>
  <testcase classname="testCases.TC_C1" name="verifyCartCount" time="0.516"/>
  <testcase classname="testCases.TC_C2" name="verifyRemovingProduct" time="0.885"/>
  <testcase classname="testCases.TC_C3" name="verifyAddingMultipleProduct" time="0.771"/>
  <testcase classname="testCases.TC_C4" name="verifyCartDetails" time="0.874"/>
  <testcase classname="testCases.TC_CH1" name="verifyCheckOut" time="1.133"/>
  <testcase classname="testCases.TC_CH2" name="verifyMandatoryField" time="1.113"/>
  <testcase classname="testCases.TC_CH3" name="verifyOrderSummary" time="1.162"/>
  <testcase classname="testCases.TC_CH4" name="verifySuccessfulOrderCompletion" time="1.166"/>
</testsuite> <!-- Test -->
