<?xml version="1.0" encoding="UTF-8"?>
<!-- Generated by org.testng.reporters.JUnitXMLReporter -->
<testsuite ignored="0" hostname="theVikas" failures="0" tests="18" name="chromeTest" time="60.087" errors="0" timestamp="2025-10-08T20:27:55 GMT-04:00">
  <testcase classname="testCases.TC_L1" name="login" time="0.867"/>
  <testcase classname="testCases.TC_L2" name="loginWithInvalidPassword" time="1.359"/>
  <testcase classname="testCases.TC_L3" name="loginWithLockedUser" time="0.652"/>
  <testcase classname="testCases.TC_L4" name="emptyField" time="0.44"/>
  <testcase classname="testCases.TC_P1" name="prodctListVerification" time="2.059"/>
  <testcase classname="testCases.TC_P2" name="aToZsorting" time="1.029"/>
  <testcase classname="testCases.TC_P3" name="lowToHighPriceSorting" time="1.031"/>
  <testcase classname="testCases.TC_P4" name="verifyProduct" time="1.09"/>
  <testcase classname="testCases.TC_C1" name="verifyCartCount" time="1.3"/>
  <testcase classname="testCases.TC_C2" name="verifyRemovingProduct" time="2.026"/>
  <testcase classname="testCases.TC_C3" name="verifyAddingMultipleProduct" time="1.097"/>
  <testcase classname="testCases.TC_C4" name="verifyCartDetails" time="1.277"/>
  <testcase classname="testCases.TC_CH1" name="verifyCheckOut" time="3.022"/>
  <testcase classname="testCases.TC_CH2" name="verifyMandatoryField" time="2.365"/>
  <testcase classname="testCases.TC_CH3" name="verifyOrderSummary" time="2.64"/>
  <testcase classname="testCases.TC_CH4" name="verifySuccessfulOrderCompletion" time="2.845"/>
  <testcase classname="testCases.TC_O1" name="veifyUserLogout" time="0.795"/>
  <testcase classname="testCases.TC_O2" name="verifySessionAfterLogout" time="0.756"/>
</testsuite> <!-- chromeTest -->
