<?xml version="1.0" encoding="UTF-8"?>
<!-- Generated by org.testng.reporters.JUnitXMLReporter -->
<testsuite ignored="0" hostname="theVikas" failures="0" tests="18" name="firefoxTest" time="110.733" errors="0" timestamp="2025-10-08T20:29:47 GMT-04:00">
  <testcase classname="testCases.TC_L1" name="login" time="1.329"/>
  <testcase classname="testCases.TC_L2" name="loginWithInvalidPassword" time="0.416"/>
  <testcase classname="testCases.TC_L3" name="loginWithLockedUser" time="0.359"/>
  <testcase classname="testCases.TC_L4" name="emptyField" time="0.177"/>
  <testcase classname="testCases.TC_P1" name="prodctListVerification" time="1.716"/>
  <testcase classname="testCases.TC_P2" name="aToZsorting" time="1.564"/>
  <testcase classname="testCases.TC_P3" name="lowToHighPriceSorting" time="1.011"/>
  <testcase classname="testCases.TC_P4" name="verifyProduct" time="0.891"/>
  <testcase classname="testCases.TC_C1" name="verifyCartCount" time="0.634"/>
  <testcase classname="testCases.TC_C2" name="verifyRemovingProduct" time="1.369"/>
  <testcase classname="testCases.TC_C3" name="verifyAddingMultipleProduct" time="1.202"/>
  <testcase classname="testCases.TC_C4" name="verifyCartDetails" time="1.187"/>
  <testcase classname="testCases.TC_CH1" name="verifyCheckOut" time="1.723"/>
  <testcase classname="testCases.TC_CH2" name="verifyMandatoryField" time="1.52"/>
  <testcase classname="testCases.TC_CH3" name="verifyOrderSummary" time="1.419"/>
  <testcase classname="testCases.TC_CH4" name="verifySuccessfulOrderCompletion" time="1.417"/>
  <testcase classname="testCases.TC_O1" name="veifyUserLogout" time="0.714"/>
  <testcase classname="testCases.TC_O2" name="verifySessionAfterLogout" time="0.778"/>
</testsuite> <!-- firefoxTest -->
